2020-10-07 08:50:00,101 INFO c.n.n.NbdApiApplication [restartedMain] Starting NbdApiApplication on DESKTOP-QGCHK36 with PID 6208 (E:\NEO\2020\NBD\Code\V4\nbd-api\target\classes started by admin in E:\NEO\2020\NBD\Code\V4\kttv-webadmin)
2020-10-07 08:50:00,132 DEBUG c.n.n.NbdApiApplication [restartedMain] Running with Spring Boot v2.3.4.RELEASE, Spring v5.2.9.RELEASE
2020-10-07 08:50:00,132 INFO c.n.n.NbdApiApplication [restartedMain] The following profiles are active: local
2020-10-07 08:52:10,612 INFO c.n.n.NbdApiApplication [restartedMain] Starting NbdApiApplication on DESKTOP-QGCHK36 with PID 5872 (E:\NEO\2020\NBD\Code\V4\nbd-api\target\classes started by admin in E:\NEO\2020\NBD\Code\V4\kttv-webadmin)
2020-10-07 08:52:10,628 DEBUG c.n.n.NbdApiApplication [restartedMain] Running with Spring Boot v2.3.4.RELEASE, Spring v5.2.9.RELEASE
2020-10-07 08:52:10,628 INFO c.n.n.NbdApiApplication [restartedMain] The following profiles are active: local
2020-10-07 08:52:16,017 INFO c.n.n.NbdApiApplication [restartedMain] Started NbdApiApplication in 6.295 seconds (JVM running for 9.193)
2020-10-07 08:52:45,938 DEBUG c.n.n.f.JWTFilter [http-nio-8080-exec-1] path : /api/v1/authenticate, method: POST, token: null
2020-10-07 08:52:46,880 DEBUG c.n.n.d.i.UserInfoDAOImpl [http-nio-8080-exec-1] JDBC execute query : SELECT id, password FROM user_info WHERE id = ?
2020-10-07 08:52:47,237 DEBUG c.n.n.d.i.UserInfoDAOImpl [http-nio-8080-exec-1] Username: administrator
2020-10-07 08:52:50,373 DEBUG c.n.n.f.JWTFilter [http-nio-8080-exec-3] path : /api/v1/mail-config/get-list-mail-config-pagination, method: POST, token: eyJhbGciOiJIUzUxMiJ9.eyJzdWIiOiJhZG1pbmlzdHJhdG9yIiwiYXV0aCI6IiIsImV4cCI6MTYwMjA0NDIwN30.XkBWQpeUkdbrN_wE5MrgemS44j88r_YlNHyGzOyC7A-y7Y6qaJZzVSEpmvG8MReTZxxLFT1ArGXNCqdeNCxaYA
2020-10-07 08:52:50,416 DEBUG c.n.n.f.TokenProvider [http-nio-8080-exec-3] username: administrator
2020-10-07 08:52:50,570 DEBUG c.n.n.s.i.MailConfigServiceImpl [http-nio-8080-exec-3] defaultRequestPagingVM: DefaultRequestPagingVM{draw='1', start='0', length='10', search=''}
2020-10-07 08:52:50,596 DEBUG c.n.n.s.i.MailConfigServiceImpl [http-nio-8080-exec-3] NUMBER OF SEARCH : 0
2020-10-07 08:52:50,603 DEBUG c.n.n.d.i.PaginationDAOImpl [http-nio-8080-exec-3] JDBC execute query: select rownum row_stt, xlpt.* from (SELECT id, ip, port, username, password, domain, sender_name, email_address, protocol FROM mail_config  WHERE 1 = 1 ) xlpt where rownum < 11
2020-10-07 08:53:15,098 DEBUG c.n.n.f.JWTFilter [http-nio-8080-exec-4] path : /api/v1/mail-config/get-list-mail-config-pagination, method: POST, token: eyJhbGciOiJIUzUxMiJ9.eyJzdWIiOiJhZG1pbmlzdHJhdG9yIiwiYXV0aCI6IiIsImV4cCI6MTYwMjA0NDIwN30.XkBWQpeUkdbrN_wE5MrgemS44j88r_YlNHyGzOyC7A-y7Y6qaJZzVSEpmvG8MReTZxxLFT1ArGXNCqdeNCxaYA
2020-10-07 08:53:15,107 DEBUG c.n.n.f.TokenProvider [http-nio-8080-exec-4] username: administrator
2020-10-07 08:53:15,113 DEBUG c.n.n.s.i.MailConfigServiceImpl [http-nio-8080-exec-4] defaultRequestPagingVM: DefaultRequestPagingVM{draw='1', start='0', length='10', search=''}
2020-10-07 08:53:15,146 DEBUG c.n.n.s.i.MailConfigServiceImpl [http-nio-8080-exec-4] NUMBER OF SEARCH : 0
2020-10-07 08:53:15,146 DEBUG c.n.n.d.i.PaginationDAOImpl [http-nio-8080-exec-4] JDBC execute query: select rownum row_stt, xlpt.* from (SELECT id, ip, port, username, password, domain, sender_name, email_address, protocol FROM mail_config  WHERE 1 = 1 ) xlpt where rownum < 11
2020-10-07 08:53:45,314 DEBUG c.n.n.f.JWTFilter [http-nio-8080-exec-5] path : /api/v1/mail-config/get-list-mail-config-pagination, method: POST, token: eyJhbGciOiJIUzUxMiJ9.eyJzdWIiOiJhZG1pbmlzdHJhdG9yIiwiYXV0aCI6IiIsImV4cCI6MTYwMjA0NDIwN30.XkBWQpeUkdbrN_wE5MrgemS44j88r_YlNHyGzOyC7A-y7Y6qaJZzVSEpmvG8MReTZxxLFT1ArGXNCqdeNCxaYA
2020-10-07 08:53:45,331 DEBUG c.n.n.f.TokenProvider [http-nio-8080-exec-5] username: administrator
2020-10-07 08:53:45,337 DEBUG c.n.n.s.i.MailConfigServiceImpl [http-nio-8080-exec-5] defaultRequestPagingVM: DefaultRequestPagingVM{draw='1', start='0', length='10', search=''}
2020-10-07 08:53:45,365 DEBUG c.n.n.s.i.MailConfigServiceImpl [http-nio-8080-exec-5] NUMBER OF SEARCH : 0
2020-10-07 08:53:45,365 DEBUG c.n.n.d.i.PaginationDAOImpl [http-nio-8080-exec-5] JDBC execute query: select rownum row_stt, xlpt.* from (SELECT id, ip, port, username, password, domain, sender_name, email_address, protocol FROM mail_config  WHERE 1 = 1 ) xlpt where rownum < 11
2020-10-07 08:54:44,367 DEBUG c.n.n.f.JWTFilter [http-nio-8080-exec-7] path : /api/v1/mail-config/get-list-mail-config-pagination, method: POST, token: eyJhbGciOiJIUzUxMiJ9.eyJzdWIiOiJhZG1pbmlzdHJhdG9yIiwiYXV0aCI6IiIsImV4cCI6MTYwMjA0NDIwN30.XkBWQpeUkdbrN_wE5MrgemS44j88r_YlNHyGzOyC7A-y7Y6qaJZzVSEpmvG8MReTZxxLFT1ArGXNCqdeNCxaYA
2020-10-07 08:54:44,378 DEBUG c.n.n.f.TokenProvider [http-nio-8080-exec-7] username: administrator
2020-10-07 08:54:44,383 DEBUG c.n.n.s.i.MailConfigServiceImpl [http-nio-8080-exec-7] defaultRequestPagingVM: DefaultRequestPagingVM{draw='1', start='0', length='10', search=''}
2020-10-07 08:54:44,423 DEBUG c.n.n.s.i.MailConfigServiceImpl [http-nio-8080-exec-7] NUMBER OF SEARCH : 0
2020-10-07 08:54:44,423 DEBUG c.n.n.d.i.PaginationDAOImpl [http-nio-8080-exec-7] JDBC execute query: select rownum row_stt, xlpt.* from (SELECT id, ip, port, username, password, domain, sender_name, email_address, protocol FROM mail_config  WHERE 1 = 1 ) xlpt where rownum < 11
2020-10-07 08:54:58,643 DEBUG c.n.n.f.JWTFilter [http-nio-8080-exec-8] path : /api/v1/mail-config/get-list-mail-config-pagination, method: POST, token: eyJhbGciOiJIUzUxMiJ9.eyJzdWIiOiJhZG1pbmlzdHJhdG9yIiwiYXV0aCI6IiIsImV4cCI6MTYwMjA0NDIwN30.XkBWQpeUkdbrN_wE5MrgemS44j88r_YlNHyGzOyC7A-y7Y6qaJZzVSEpmvG8MReTZxxLFT1ArGXNCqdeNCxaYA
2020-10-07 08:54:58,649 DEBUG c.n.n.f.TokenProvider [http-nio-8080-exec-8] username: administrator
2020-10-07 08:54:58,652 DEBUG c.n.n.s.i.MailConfigServiceImpl [http-nio-8080-exec-8] defaultRequestPagingVM: DefaultRequestPagingVM{draw='1', start='0', length='10', search=''}
2020-10-07 08:54:58,675 DEBUG c.n.n.s.i.MailConfigServiceImpl [http-nio-8080-exec-8] NUMBER OF SEARCH : 0
2020-10-07 08:54:58,675 DEBUG c.n.n.d.i.PaginationDAOImpl [http-nio-8080-exec-8] JDBC execute query: select rownum row_stt, xlpt.* from (SELECT id, ip, port, username, password, domain, sender_name, email_address, protocol FROM mail_config  WHERE 1 = 1 ) xlpt where rownum < 11
2020-10-07 08:56:07,852 INFO c.n.n.NbdApiApplication [restartedMain] Starting NbdApiApplication on DESKTOP-QGCHK36 with PID 2628 (E:\NEO\2020\NBD\Code\V4\nbd-api\target\classes started by admin in E:\NEO\2020\NBD\Code\V4\kttv-webadmin)
2020-10-07 08:56:07,936 DEBUG c.n.n.NbdApiApplication [restartedMain] Running with Spring Boot v2.3.4.RELEASE, Spring v5.2.9.RELEASE
2020-10-07 08:56:07,937 INFO c.n.n.NbdApiApplication [restartedMain] The following profiles are active: local
2020-10-07 08:56:15,975 INFO c.n.n.NbdApiApplication [restartedMain] Started NbdApiApplication in 9.588 seconds (JVM running for 13.299)
2020-10-07 08:57:03,647 DEBUG c.n.n.f.JWTFilter [http-nio-8080-exec-1] path : /api/v1/authenticate, method: POST, token: null
2020-10-07 08:57:19,184 INFO c.n.n.NbdApiApplication [restartedMain] Starting NbdApiApplication on DESKTOP-QGCHK36 with PID 2628 (E:\NEO\2020\NBD\Code\V4\nbd-api\target\classes started by admin in E:\NEO\2020\NBD\Code\V4\kttv-webadmin)
2020-10-07 08:57:19,184 DEBUG c.n.n.NbdApiApplication [restartedMain] Running with Spring Boot v2.3.4.RELEASE, Spring v5.2.9.RELEASE
2020-10-07 08:57:19,184 INFO c.n.n.NbdApiApplication [restartedMain] The following profiles are active: local
2020-10-07 08:57:21,293 INFO c.n.n.NbdApiApplication [restartedMain] Started NbdApiApplication in 2.192 seconds (JVM running for 78.617)
2020-10-07 08:57:47,968 DEBUG c.n.n.f.JWTFilter [http-nio-8080-exec-1] path : /api/v1/authenticate, method: POST, token: null
2020-10-07 08:57:48,937 DEBUG c.n.n.d.i.UserInfoDAOImpl [http-nio-8080-exec-1] JDBC execute query : SELECT id, password FROM user_info WHERE id = ?
2020-10-07 08:57:49,265 DEBUG c.n.n.d.i.UserInfoDAOImpl [http-nio-8080-exec-1] Username: administrator
2020-10-07 08:58:28,140 DEBUG c.n.n.f.JWTFilter [http-nio-8080-exec-2] path : /api/v1/mail-config/get-list-mail-config-pagination, method: POST, token: eyJhbGciOiJIUzUxMiJ9.eyJzdWIiOiJhZG1pbmlzdHJhdG9yIiwiYXV0aCI6IiIsImV4cCI6MTYwMjA0NDIwN30.XkBWQpeUkdbrN_wE5MrgemS44j88r_YlNHyGzOyC7A-y7Y6qaJZzVSEpmvG8MReTZxxLFT1ArGXNCqdeNCxaYA
2020-10-07 08:58:28,178 DEBUG c.n.n.f.TokenProvider [http-nio-8080-exec-2] username: administrator
2020-10-07 08:58:28,251 DEBUG c.n.n.s.i.MailConfigServiceImpl [http-nio-8080-exec-2] defaultRequestPagingVM: DefaultRequestPagingVM{draw='1', start='0', length='10', search=''}
2020-10-07 08:58:28,265 DEBUG c.n.n.s.i.MailConfigServiceImpl [http-nio-8080-exec-2] NUMBER OF SEARCH : 0
2020-10-07 08:58:28,268 DEBUG c.n.n.d.i.PaginationDAOImpl [http-nio-8080-exec-2] JDBC execute query: select rownum row_stt, xlpt.* from (SELECT id, ip, port, username, password, domain, sender_name, email_address, protocol FROM mail_config  WHERE 1 = 1 ) xlpt where rownum < 11
2020-10-07 08:58:39,251 DEBUG c.n.n.f.JWTFilter [http-nio-8080-exec-3] path : /api/v1/mail-config/get-list-mail-config-pagination, method: POST, token: eyJhbGciOiJIUzUxMiJ9.eyJzdWIiOiJhZG1pbmlzdHJhdG9yIiwiYXV0aCI6IiIsImV4cCI6MTYwMjA0NDIwN30.XkBWQpeUkdbrN_wE5MrgemS44j88r_YlNHyGzOyC7A-y7Y6qaJZzVSEpmvG8MReTZxxLFT1ArGXNCqdeNCxaYA
2020-10-07 08:58:39,260 DEBUG c.n.n.f.TokenProvider [http-nio-8080-exec-3] username: administrator
2020-10-07 08:58:39,264 DEBUG c.n.n.s.i.MailConfigServiceImpl [http-nio-8080-exec-3] defaultRequestPagingVM: DefaultRequestPagingVM{draw='1', start='0', length='10', search=''}
2020-10-07 08:58:39,280 DEBUG c.n.n.s.i.MailConfigServiceImpl [http-nio-8080-exec-3] NUMBER OF SEARCH : 0
2020-10-07 08:58:39,281 DEBUG c.n.n.d.i.PaginationDAOImpl [http-nio-8080-exec-3] JDBC execute query: select rownum row_stt, xlpt.* from (SELECT id, ip, port, username, password, domain, sender_name, email_address, protocol FROM mail_config  WHERE 1 = 1 ) xlpt where rownum < 11
2020-10-07 08:58:46,122 DEBUG c.n.n.f.JWTFilter [http-nio-8080-exec-4] path : /api/v1/authenticate, method: POST, token: null
2020-10-07 08:58:46,148 DEBUG c.n.n.d.i.UserInfoDAOImpl [http-nio-8080-exec-4] JDBC execute query : SELECT id, password FROM user_info WHERE id = ?
2020-10-07 08:58:46,396 DEBUG c.n.n.d.i.UserInfoDAOImpl [http-nio-8080-exec-4] Username: administrator
2020-10-07 08:58:46,816 DEBUG c.n.n.f.JWTFilter [http-nio-8080-exec-5] path : /api/v1/mail-config/get-list-mail-config-pagination, method: POST, token: eyJhbGciOiJIUzUxMiJ9.eyJzdWIiOiJhZG1pbmlzdHJhdG9yIiwiYXV0aCI6IiIsImV4cCI6MTYwMjA0NDU2Nn0.utYtMg_gCyWHGy4gsUkoLN0N5rPlisZTPdFovaCe2tiGkfcwqFq4dPoLMDvLjM897AJrcAT65u5ROzV5pvK_1w
2020-10-07 08:58:46,823 DEBUG c.n.n.f.TokenProvider [http-nio-8080-exec-5] username: administrator
2020-10-07 08:58:46,827 DEBUG c.n.n.s.i.MailConfigServiceImpl [http-nio-8080-exec-5] defaultRequestPagingVM: DefaultRequestPagingVM{draw='1', start='0', length='10', search=''}
2020-10-07 08:58:46,827 DEBUG c.n.n.s.i.MailConfigServiceImpl [http-nio-8080-exec-5] NUMBER OF SEARCH : 0
2020-10-07 08:58:46,827 DEBUG c.n.n.d.i.PaginationDAOImpl [http-nio-8080-exec-5] JDBC execute query: select rownum row_stt, xlpt.* from (SELECT id, ip, port, username, password, domain, sender_name, email_address, protocol FROM mail_config  WHERE 1 = 1 ) xlpt where rownum < 11
2020-10-07 09:02:54,453 DEBUG c.n.n.f.JWTFilter [http-nio-8080-exec-10] path : /api/v1/mail-config/get-list-mail-config-pagination, method: POST, token: eyJhbGciOiJIUzUxMiJ9.eyJzdWIiOiJhZG1pbmlzdHJhdG9yIiwiYXV0aCI6IiIsImV4cCI6MTYwMjA0NDU2Nn0.utYtMg_gCyWHGy4gsUkoLN0N5rPlisZTPdFovaCe2tiGkfcwqFq4dPoLMDvLjM897AJrcAT65u5ROzV5pvK_1w
2020-10-07 09:02:54,461 DEBUG c.n.n.f.TokenProvider [http-nio-8080-exec-10] username: administrator
2020-10-07 09:02:54,464 DEBUG c.n.n.s.i.MailConfigServiceImpl [http-nio-8080-exec-10] defaultRequestPagingVM: DefaultRequestPagingVM{draw='1', start='0', length='10', search=''}
2020-10-07 09:02:54,481 DEBUG c.n.n.s.i.MailConfigServiceImpl [http-nio-8080-exec-10] NUMBER OF SEARCH : 0
2020-10-07 09:02:54,481 DEBUG c.n.n.d.i.PaginationDAOImpl [http-nio-8080-exec-10] JDBC execute query: select rownum row_stt, xlpt.* from (SELECT id, ip, port, username, password, domain, sender_name, email_address, protocol FROM mail_config  WHERE 1 = 1 ) xlpt where rownum < 11
2020-10-07 09:02:57,791 DEBUG c.n.n.f.JWTFilter [http-nio-8080-exec-1] path : /api/v1/mail-config/get-list-mail-config-pagination, method: POST, token: eyJhbGciOiJIUzUxMiJ9.eyJzdWIiOiJhZG1pbmlzdHJhdG9yIiwiYXV0aCI6IiIsImV4cCI6MTYwMjA0NDU2Nn0.utYtMg_gCyWHGy4gsUkoLN0N5rPlisZTPdFovaCe2tiGkfcwqFq4dPoLMDvLjM897AJrcAT65u5ROzV5pvK_1w
2020-10-07 09:02:57,797 DEBUG c.n.n.f.TokenProvider [http-nio-8080-exec-1] username: administrator
2020-10-07 09:02:57,802 DEBUG c.n.n.s.i.MailConfigServiceImpl [http-nio-8080-exec-1] defaultRequestPagingVM: DefaultRequestPagingVM{draw='1', start='0', length='10', search=''}
2020-10-07 09:02:57,816 DEBUG c.n.n.s.i.MailConfigServiceImpl [http-nio-8080-exec-1] NUMBER OF SEARCH : 0
2020-10-07 09:02:57,817 DEBUG c.n.n.d.i.PaginationDAOImpl [http-nio-8080-exec-1] JDBC execute query: select rownum row_stt, xlpt.* from (SELECT id, ip, port, username, password, domain, sender_name, email_address, protocol FROM mail_config  WHERE 1 = 1 ) xlpt where rownum < 11
2020-10-07 09:05:47,196 DEBUG c.n.n.f.JWTFilter [http-nio-8080-exec-3] path : /api/v1/mail-config/get-list-mail-config-pagination, method: POST, token: eyJhbGciOiJIUzUxMiJ9.eyJzdWIiOiJhZG1pbmlzdHJhdG9yIiwiYXV0aCI6IiIsImV4cCI6MTYwMjA0NDU2Nn0.utYtMg_gCyWHGy4gsUkoLN0N5rPlisZTPdFovaCe2tiGkfcwqFq4dPoLMDvLjM897AJrcAT65u5ROzV5pvK_1w
2020-10-07 09:05:47,202 DEBUG c.n.n.f.TokenProvider [http-nio-8080-exec-3] username: administrator
2020-10-07 09:05:47,206 DEBUG c.n.n.s.i.MailConfigServiceImpl [http-nio-8080-exec-3] defaultRequestPagingVM: DefaultRequestPagingVM{draw='1', start='0', length='10', search=''}
2020-10-07 09:05:47,216 DEBUG c.n.n.s.i.MailConfigServiceImpl [http-nio-8080-exec-3] NUMBER OF SEARCH : 0
2020-10-07 09:05:47,216 DEBUG c.n.n.d.i.PaginationDAOImpl [http-nio-8080-exec-3] JDBC execute query: select rownum row_stt, xlpt.* from (SELECT id, ip, port, username, password, domain, sender_name, email_address, protocol FROM mail_config  WHERE 1 = 1 ) xlpt where rownum < 11
2020-10-07 09:08:05,136 DEBUG c.n.n.f.JWTFilter [http-nio-8080-exec-5] path : /api/v1/mail-config/get-list-mail-config-pagination, method: POST, token: eyJhbGciOiJIUzUxMiJ9.eyJzdWIiOiJhZG1pbmlzdHJhdG9yIiwiYXV0aCI6IiIsImV4cCI6MTYwMjA0NDU2Nn0.utYtMg_gCyWHGy4gsUkoLN0N5rPlisZTPdFovaCe2tiGkfcwqFq4dPoLMDvLjM897AJrcAT65u5ROzV5pvK_1w
2020-10-07 09:08:05,144 DEBUG c.n.n.f.TokenProvider [http-nio-8080-exec-5] username: administrator
2020-10-07 09:08:05,147 DEBUG c.n.n.s.i.MailConfigServiceImpl [http-nio-8080-exec-5] defaultRequestPagingVM: DefaultRequestPagingVM{draw='1', start='0', length='10', search=''}
2020-10-07 09:08:05,157 DEBUG c.n.n.s.i.MailConfigServiceImpl [http-nio-8080-exec-5] NUMBER OF SEARCH : 0
2020-10-07 09:08:05,157 DEBUG c.n.n.d.i.PaginationDAOImpl [http-nio-8080-exec-5] JDBC execute query: select rownum row_stt, xlpt.* from (SELECT id, ip, port, username, password, domain, sender_name, email_address, protocol FROM mail_config  WHERE 1 = 1 ) xlpt where rownum < 11
2020-10-07 09:09:52,944 DEBUG c.n.n.f.JWTFilter [http-nio-8080-exec-7] path : /api/v1/mail-config/get-list-mail-config-pagination, method: POST, token: eyJhbGciOiJIUzUxMiJ9.eyJzdWIiOiJhZG1pbmlzdHJhdG9yIiwiYXV0aCI6IiIsImV4cCI6MTYwMjA0NDU2Nn0.utYtMg_gCyWHGy4gsUkoLN0N5rPlisZTPdFovaCe2tiGkfcwqFq4dPoLMDvLjM897AJrcAT65u5ROzV5pvK_1w
2020-10-07 09:09:52,952 DEBUG c.n.n.f.TokenProvider [http-nio-8080-exec-7] username: administrator
2020-10-07 09:09:52,956 DEBUG c.n.n.s.i.MailConfigServiceImpl [http-nio-8080-exec-7] defaultRequestPagingVM: DefaultRequestPagingVM{draw='1', start='0', length='10', search=''}
2020-10-07 09:09:52,969 DEBUG c.n.n.s.i.MailConfigServiceImpl [http-nio-8080-exec-7] NUMBER OF SEARCH : 0
2020-10-07 09:09:52,970 DEBUG c.n.n.d.i.PaginationDAOImpl [http-nio-8080-exec-7] JDBC execute query: select rownum row_stt, xlpt.* from (SELECT id, ip, port, username, password, domain, sender_name, email_address, protocol FROM mail_config  WHERE 1 = 1 ) xlpt where rownum < 11
